[2024-10-25T00:00:06.523+0000] {taskinstance.py:1103} INFO - Dependencies all met for dep_context=non-requeueable deps ti=<TaskInstance: hadoop_spark_pipeline.run_spark_job scheduled__2024-10-24T00:00:00+00:00 [queued]>
[2024-10-25T00:00:06.533+0000] {taskinstance.py:1103} INFO - Dependencies all met for dep_context=requeueable deps ti=<TaskInstance: hadoop_spark_pipeline.run_spark_job scheduled__2024-10-24T00:00:00+00:00 [queued]>
[2024-10-25T00:00:06.533+0000] {taskinstance.py:1308} INFO - Starting attempt 1 of 2
[2024-10-25T00:00:06.545+0000] {taskinstance.py:1327} INFO - Executing <Task(BashOperator): run_spark_job> on 2024-10-24 00:00:00+00:00
[2024-10-25T00:00:06.549+0000] {standard_task_runner.py:57} INFO - Started process 5268 to run task
[2024-10-25T00:00:06.552+0000] {standard_task_runner.py:84} INFO - Running: ['***', 'tasks', 'run', 'hadoop_spark_pipeline', 'run_spark_job', 'scheduled__2024-10-24T00:00:00+00:00', '--job-id', '10', '--raw', '--subdir', 'DAGS_FOLDER/hadoop_spark_dag.py', '--cfg-path', '/tmp/tmptth7_cqt']
[2024-10-25T00:00:06.553+0000] {standard_task_runner.py:85} INFO - Job 10: Subtask run_spark_job
[2024-10-25T00:00:06.603+0000] {task_command.py:410} INFO - Running <TaskInstance: hadoop_spark_pipeline.run_spark_job scheduled__2024-10-24T00:00:00+00:00 [running]> on host 144203dfd973
[2024-10-25T00:00:06.706+0000] {taskinstance.py:1547} INFO - Exporting env vars: AIRFLOW_CTX_DAG_OWNER='***' AIRFLOW_CTX_DAG_ID='hadoop_spark_pipeline' AIRFLOW_CTX_TASK_ID='run_spark_job' AIRFLOW_CTX_EXECUTION_DATE='2024-10-24T00:00:00+00:00' AIRFLOW_CTX_TRY_NUMBER='1' AIRFLOW_CTX_DAG_RUN_ID='scheduled__2024-10-24T00:00:00+00:00'
[2024-10-25T00:00:06.708+0000] {subprocess.py:63} INFO - Tmp dir root location: /tmp
[2024-10-25T00:00:06.710+0000] {subprocess.py:75} INFO - Running command: ['/bin/bash', '-c', 'spark-submit --master local /user/dylan/word_counts.parquet']
[2024-10-25T00:00:06.718+0000] {subprocess.py:86} INFO - Output:
[2024-10-25T00:00:06.727+0000] {subprocess.py:93} INFO - /bin/bash: line 1: spark-submit: command not found
[2024-10-25T00:00:06.727+0000] {subprocess.py:97} INFO - Command exited with return code 127
[2024-10-25T00:00:06.738+0000] {taskinstance.py:1824} ERROR - Task failed with exception
Traceback (most recent call last):
  File "/home/airflow/.local/lib/python3.7/site-packages/airflow/operators/bash.py", line 211, in execute
    f"Bash command failed. The command returned a non-zero exit code {result.exit_code}."
airflow.exceptions.AirflowException: Bash command failed. The command returned a non-zero exit code 127.
[2024-10-25T00:00:06.742+0000] {taskinstance.py:1350} INFO - Marking task as UP_FOR_RETRY. dag_id=hadoop_spark_pipeline, task_id=run_spark_job, execution_date=20241024T000000, start_date=20241025T000006, end_date=20241025T000006
[2024-10-25T00:00:06.765+0000] {standard_task_runner.py:109} ERROR - Failed to execute job 10 for task run_spark_job (Bash command failed. The command returned a non-zero exit code 127.; 5268)
[2024-10-25T00:00:06.805+0000] {local_task_job_runner.py:225} INFO - Task exited with return code 1
[2024-10-25T00:00:06.821+0000] {taskinstance.py:2653} INFO - 0 downstream tasks scheduled from follow-on schedule check
