[2024-10-25T00:05:09.818+0000] {taskinstance.py:1103} INFO - Dependencies all met for dep_context=non-requeueable deps ti=<TaskInstance: hadoop_spark_pipeline.run_spark_job scheduled__2024-10-24T00:00:00+00:00 [queued]>
[2024-10-25T00:05:09.824+0000] {taskinstance.py:1103} INFO - Dependencies all met for dep_context=requeueable deps ti=<TaskInstance: hadoop_spark_pipeline.run_spark_job scheduled__2024-10-24T00:00:00+00:00 [queued]>
[2024-10-25T00:05:09.825+0000] {taskinstance.py:1308} INFO - Starting attempt 2 of 2
[2024-10-25T00:05:09.838+0000] {taskinstance.py:1327} INFO - Executing <Task(BashOperator): run_spark_job> on 2024-10-24 00:00:00+00:00
[2024-10-25T00:05:09.840+0000] {standard_task_runner.py:57} INFO - Started process 5297 to run task
[2024-10-25T00:05:09.843+0000] {standard_task_runner.py:84} INFO - Running: ['***', 'tasks', 'run', 'hadoop_spark_pipeline', 'run_spark_job', 'scheduled__2024-10-24T00:00:00+00:00', '--job-id', '12', '--raw', '--subdir', 'DAGS_FOLDER/hadoop_spark_dag.py', '--cfg-path', '/tmp/tmpvtyx9qdj']
[2024-10-25T00:05:09.843+0000] {standard_task_runner.py:85} INFO - Job 12: Subtask run_spark_job
[2024-10-25T00:05:09.893+0000] {task_command.py:410} INFO - Running <TaskInstance: hadoop_spark_pipeline.run_spark_job scheduled__2024-10-24T00:00:00+00:00 [running]> on host 144203dfd973
[2024-10-25T00:05:09.975+0000] {taskinstance.py:1547} INFO - Exporting env vars: AIRFLOW_CTX_DAG_OWNER='***' AIRFLOW_CTX_DAG_ID='hadoop_spark_pipeline' AIRFLOW_CTX_TASK_ID='run_spark_job' AIRFLOW_CTX_EXECUTION_DATE='2024-10-24T00:00:00+00:00' AIRFLOW_CTX_TRY_NUMBER='2' AIRFLOW_CTX_DAG_RUN_ID='scheduled__2024-10-24T00:00:00+00:00'
[2024-10-25T00:05:09.976+0000] {subprocess.py:63} INFO - Tmp dir root location: /tmp
[2024-10-25T00:05:09.978+0000] {subprocess.py:75} INFO - Running command: ['/bin/bash', '-c', 'spark-submit --master local /user/dylan/word_counts.parquet']
[2024-10-25T00:05:09.985+0000] {subprocess.py:86} INFO - Output:
[2024-10-25T00:05:09.987+0000] {subprocess.py:93} INFO - /bin/bash: line 1: spark-submit: command not found
[2024-10-25T00:05:09.988+0000] {subprocess.py:97} INFO - Command exited with return code 127
[2024-10-25T00:05:09.998+0000] {taskinstance.py:1824} ERROR - Task failed with exception
Traceback (most recent call last):
  File "/home/airflow/.local/lib/python3.7/site-packages/airflow/operators/bash.py", line 211, in execute
    f"Bash command failed. The command returned a non-zero exit code {result.exit_code}."
airflow.exceptions.AirflowException: Bash command failed. The command returned a non-zero exit code 127.
[2024-10-25T00:05:10.002+0000] {taskinstance.py:1350} INFO - Marking task as FAILED. dag_id=hadoop_spark_pipeline, task_id=run_spark_job, execution_date=20241024T000000, start_date=20241025T000509, end_date=20241025T000510
[2024-10-25T00:05:10.012+0000] {standard_task_runner.py:109} ERROR - Failed to execute job 12 for task run_spark_job (Bash command failed. The command returned a non-zero exit code 127.; 5297)
[2024-10-25T00:05:10.055+0000] {local_task_job_runner.py:225} INFO - Task exited with return code 1
[2024-10-25T00:05:10.071+0000] {taskinstance.py:2653} INFO - 0 downstream tasks scheduled from follow-on schedule check
